PEKKA_INJECTOR/app/build/intermediates/manifest_merge_blame_file/fdroidRelease/processFdroidReleaseMainManifest/manifest-merger-blame-fdroid-release-report.txt
1<?xml version="1.0" encoding="utf-8"?>
2<manifest xmlns:android="http://schemas.android.com/apk/res/android"
3    package="com.v2ray.ang.fdroid"
4    android:versionCode="5073600"
5    android:versionName="2.2.6" >
6
7    <uses-sdk
7-->INJECTED
8        android:minSdkVersion="24"
8-->INJECTED
9        android:targetSdkVersion="37" />
9-->INJECTED
10
11    <supports-screens
11-->src\main\AndroidManifest.xml:6:5-11:40
12        android:anyDensity="true"
12-->src\main\AndroidManifest.xml:7:9-34
13        android:largeScreens="true"
13-->src\main\AndroidManifest.xml:8:9-36
14        android:normalScreens="true"
14-->src\main\AndroidManifest.xml:9:9-37
15        android:smallScreens="true"
15-->src\main\AndroidManifest.xml:10:9-36
16        android:xlargeScreens="true" />
16-->src\main\AndroidManifest.xml:11:9-37
17
18    <uses-feature
18-->src\main\AndroidManifest.xml:13:5-15:36
19        android:name="android.hardware.camera"
19-->src\main\AndroidManifest.xml:14:9-47
20        android:required="false" />
20-->src\main\AndroidManifest.xml:15:9-33
21    <uses-feature
21-->src\main\AndroidManifest.xml:16:5-18:36
22        android:name="android.hardware.camera.autofocus"
22-->src\main\AndroidManifest.xml:17:9-57
23        android:required="false" />
23-->src\main\AndroidManifest.xml:18:9-33
24    <uses-feature
24-->src\main\AndroidManifest.xml:19:5-21:36
25        android:name="android.software.leanback"
25-->src\main\AndroidManifest.xml:20:9-49
26        android:required="false" />
26-->src\main\AndroidManifest.xml:21:9-33
27    <uses-feature
27-->src\main\AndroidManifest.xml:22:5-24:36
28        android:name="android.hardware.touchscreen"
28-->src\main\AndroidManifest.xml:23:9-52
29        android:required="false" />
29-->src\main\AndroidManifest.xml:24:9-33
30
31    <!-- https://developer.android.com/about/versions/11/privacy/package-visibility -->
32    <uses-permission android:name="android.permission.QUERY_ALL_PACKAGES" />
32-->src\main\AndroidManifest.xml:27:5-29:77
32-->src\main\AndroidManifest.xml:28:9-61
33    <uses-permission android:name="android.permission.ACCESS_NETWORK_STATE" />
33-->src\main\AndroidManifest.xml:30:5-79
33-->src\main\AndroidManifest.xml:30:22-76
34    <uses-permission android:name="android.permission.CHANGE_NETWORK_STATE" />
34-->src\main\AndroidManifest.xml:31:5-79
34-->src\main\AndroidManifest.xml:31:22-76
35    <uses-permission android:name="android.permission.ACCESS_LOCAL_NETWORK" />
35-->src\main\AndroidManifest.xml:32:5-79
35-->src\main\AndroidManifest.xml:32:22-76
36    <uses-permission android:name="android.permission.INTERNET" />
36-->src\main\AndroidManifest.xml:33:5-67
36-->src\main\AndroidManifest.xml:33:22-64
37    <uses-permission android:name="android.permission.REQUEST_INSTALL_PACKAGES" />
37-->src\main\AndroidManifest.xml:34:5-83
37-->src\main\AndroidManifest.xml:34:22-80
38    <uses-permission android:name="android.permission.CAMERA" />
38-->src\main\AndroidManifest.xml:35:5-65
38-->src\main\AndroidManifest.xml:35:22-62
39    <uses-permission android:name="android.permission.FOREGROUND_SERVICE" />
39-->src\main\AndroidManifest.xml:36:5-37:51
39-->src\main\AndroidManifest.xml:36:22-74
40    <uses-permission
40-->src\main\AndroidManifest.xml:38:5-40:38
41        android:name="android.permission.FOREGROUND_SERVICE_SPECIAL_USE"
41-->src\main\AndroidManifest.xml:39:9-73
42        android:minSdkVersion="34" />
42-->src\main\AndroidManifest.xml:40:9-35
43    <!-- <uses-permission android:name="android.permission.ACCESS_NETWORK_STATE" /> -->
44    <uses-permission android:name="android.permission.POST_NOTIFICATIONS" />
44-->src\main\AndroidManifest.xml:42:5-77
44-->src\main\AndroidManifest.xml:42:22-74
45    <uses-permission android:name="android.permission.RECEIVE_BOOT_COMPLETED" />
45-->src\main\AndroidManifest.xml:43:5-81
45-->src\main\AndroidManifest.xml:43:22-78
46    <uses-permission android:name="android.permission.WAKE_LOCK" />
46-->[androidx.work:work-runtime:2.11.2] AndroidManifest.xml:23:5-68
46-->[androidx.work:work-runtime:2.11.2] AndroidManifest.xml:23:22-65
47
48    <permission
48-->[androidx.core:core:1.19.0] AndroidManifest.xml:22:5-24:47
49        android:name="com.v2ray.ang.fdroid.DYNAMIC_RECEIVER_NOT_EXPORTED_PERMISSION"
49-->[androidx.core:core:1.19.0] AndroidManifest.xml:23:9-81
50        android:protectionLevel="signature" />
50-->[androidx.core:core:1.19.0] AndroidManifest.xml:24:9-44
51
52    <uses-permission android:name="com.v2ray.ang.fdroid.DYNAMIC_RECEIVER_NOT_EXPORTED_PERMISSION" />
52-->[androidx.core:core:1.19.0] AndroidManifest.xml:26:5-97
52-->[androidx.core:core:1.19.0] AndroidManifest.xml:26:22-94
53
54    <application
54-->src\main\AndroidManifest.xml:45:5-354:19
55        android:name="com.v2ray.ang.AngApplication"
55-->src\main\AndroidManifest.xml:46:9-39
56        android:allowBackup="true"
56-->src\main\AndroidManifest.xml:47:9-35
57        android:appComponentFactory="androidx.core.app.CoreComponentFactory"
57-->[androidx.core:core:1.19.0] AndroidManifest.xml:28:18-86
58        android:banner="@mipmap/ic_banner"
58-->src\main\AndroidManifest.xml:48:9-43
59        android:extractNativeLibs="true"
59-->INJECTED
60        android:icon="@mipmap/ic_launcher"
60-->src\main\AndroidManifest.xml:49:9-43
61        android:label="@string/app_name"
61-->src\main\AndroidManifest.xml:50:9-41
62        android:networkSecurityConfig="@xml/network_security_config"
62-->src\main\AndroidManifest.xml:51:9-69
63        android:supportsRtl="true"
63-->src\main\AndroidManifest.xml:52:9-35
64        android:theme="@style/AppThemeDayNight.NoActionBar"
64-->src\main\AndroidManifest.xml:53:9-60
65        android:usesCleartextTraffic="true" >
65-->src\main\AndroidManifest.xml:54:9-44
66        <activity
66-->src\main\AndroidManifest.xml:56:9-73:20
67            android:name="com.v2ray.ang.ui.main.MainActivity"
67-->src\main\AndroidManifest.xml:57:13-49
68            android:exported="true"
68-->src\main\AndroidManifest.xml:58:13-36
69            android:launchMode="singleTask" >
69-->src\main\AndroidManifest.xml:59:13-44
70            <intent-filter>
70-->src\main\AndroidManifest.xml:60:13-65:29
71                <action android:name="android.intent.action.MAIN" />
71-->src\main\AndroidManifest.xml:61:17-69
71-->src\main\AndroidManifest.xml:61:25-66
72
73                <category android:name="android.intent.category.LAUNCHER" />
73-->src\main\AndroidManifest.xml:63:17-77
73-->src\main\AndroidManifest.xml:63:27-74
74                <category android:name="android.intent.category.LEANBACK_LAUNCHER" />
74-->src\main\AndroidManifest.xml:64:17-86
74-->src\main\AndroidManifest.xml:64:27-83
75            </intent-filter>
76            <intent-filter>
76-->src\main\AndroidManifest.xml:66:13-68:29
77                <action android:name="android.service.quicksettings.action.QS_TILE_PREFERENCES" />
77-->src\main\AndroidManifest.xml:67:17-99
77-->src\main\AndroidManifest.xml:67:25-96
78            </intent-filter>
79
80            <meta-data
80-->src\main\AndroidManifest.xml:70:13-72:53
81                android:name="android.app.shortcuts"
81-->src\main\AndroidManifest.xml:71:17-53
82                android:resource="@xml/shortcuts" />
82-->src\main\AndroidManifest.xml:72:17-50
83        </activity>
84        <activity
84-->src\main\AndroidManifest.xml:74:9-77:73
85            android:name="com.v2ray.ang.ui.server.ServerVmessActivity"
85-->src\main\AndroidManifest.xml:75:13-58
86            android:exported="false"
86-->src\main\AndroidManifest.xml:76:13-37
87            android:windowSoftInputMode="stateUnchanged|adjustResize" />
87-->src\main\AndroidManifest.xml:77:13-70
88        <activity
88-->src\main\AndroidManifest.xml:78:9-81:73
89            android:name="com.v2ray.ang.ui.server.ServerVlessActivity"
89-->src\main\AndroidManifest.xml:79:13-58
90            android:exported="false"
90-->src\main\AndroidManifest.xml:80:13-37
91            android:windowSoftInputMode="stateUnchanged|adjustResize" />
91-->src\main\AndroidManifest.xml:81:13-70
92        <activity
92-->src\main\AndroidManifest.xml:82:9-85:73
93            android:name="com.v2ray.ang.ui.server.ServerShadowsocksActivity"
93-->src\main\AndroidManifest.xml:83:13-64
94            android:exported="false"
94-->src\main\AndroidManifest.xml:84:13-37
95            android:windowSoftInputMode="stateUnchanged|adjustResize" />
95-->src\main\AndroidManifest.xml:85:13-70
96        <activity
96-->src\main\AndroidManifest.xml:86:9-89:73
97            android:name="com.v2ray.ang.ui.server.ServerSocksActivity"
97-->src\main\AndroidManifest.xml:87:13-58
98            android:exported="false"
98-->src\main\AndroidManifest.xml:88:13-37
99            android:windowSoftInputMode="stateUnchanged|adjustResize" />
99-->src\main\AndroidManifest.xml:89:13-70
100        <activity
100-->src\main\AndroidManifest.xml:90:9-93:73
101            android:name="com.v2ray.ang.ui.server.ServerHttpActivity"
101-->src\main\AndroidManifest.xml:91:13-57
102            android:exported="false"
102-->src\main\AndroidManifest.xml:92:13-37
103            android:windowSoftInputMode="stateUnchanged|adjustResize" />
103-->src\main\AndroidManifest.xml:93:13-70
104        <activity
104-->src\main\AndroidManifest.xml:94:9-97:73
105            android:name="com.v2ray.ang.ui.server.ServerTrojanActivity"
105-->src\main\AndroidManifest.xml:95:13-59
106            android:exported="false"
106-->src\main\AndroidManifest.xml:96:13-37
107            android:windowSoftInputMode="stateUnchanged|adjustResize" />
107-->src\main\AndroidManifest.xml:97:13-70
108        <activity
108-->src\main\AndroidManifest.xml:98:9-101:73
109            android:name="com.v2ray.ang.ui.server.ServerWireguardActivity"
109-->src\main\AndroidManifest.xml:99:13-62
110            android:exported="false"
110-->src\main\AndroidManifest.xml:100:13-37
111            android:windowSoftInputMode="stateUnchanged|adjustResize" />
111-->src\main\AndroidManifest.xml:101:13-70
112        <activity
112-->src\main\AndroidManifest.xml:102:9-105:73
113            android:name="com.v2ray.ang.ui.server.ServerHysteria2Activity"
113-->src\main\AndroidManifest.xml:103:13-62
114            android:exported="false"
114-->src\main\AndroidManifest.xml:104:13-37
115            android:windowSoftInputMode="stateUnchanged|adjustResize" />
115-->src\main\AndroidManifest.xml:105:13-70
116        <activity
116-->src\main\AndroidManifest.xml:106:9-109:73
117            android:name="com.v2ray.ang.ui.server.ServerCustomConfigActivity"
117-->src\main\AndroidManifest.xml:107:13-65
118            android:exported="false"
118-->src\main\AndroidManifest.xml:108:13-37
119            android:windowSoftInputMode="stateUnchanged|adjustResize" />
119-->src\main\AndroidManifest.xml:109:13-70
120        <activity
120-->src\main\AndroidManifest.xml:110:9-113:73
121            android:name="com.v2ray.ang.ui.server.ServerGroupActivity"
121-->src\main\AndroidManifest.xml:111:13-58
122            android:exported="false"
122-->src\main\AndroidManifest.xml:112:13-37
123            android:windowSoftInputMode="stateUnchanged|adjustResize" />
123-->src\main\AndroidManifest.xml:113:13-70
124        <activity
124-->src\main\AndroidManifest.xml:114:9-117:73
125            android:name="com.v2ray.ang.ui.server.ServerProxyChainActivity"
125-->src\main\AndroidManifest.xml:115:13-63
126            android:exported="false"
126-->src\main\AndroidManifest.xml:116:13-37
127            android:windowSoftInputMode="stateUnchanged|adjustResize" />
127-->src\main\AndroidManifest.xml:117:13-70
128        <activity
128-->src\main\AndroidManifest.xml:118:9-120:40
129            android:name="com.v2ray.ang.ui.settings.SettingsActivity"
129-->src\main\AndroidManifest.xml:119:13-57
130            android:exported="false" />
130-->src\main\AndroidManifest.xml:120:13-37
131        <activity
131-->src\main\AndroidManifest.xml:121:9-123:40
132            android:name="com.v2ray.ang.ui.perappproxy.PerAppProxyActivity"
132-->src\main\AndroidManifest.xml:122:13-63
133            android:exported="false" />
133-->src\main\AndroidManifest.xml:123:13-37
134        <activity
134-->src\main\AndroidManifest.xml:124:9-126:40
135            android:name="com.v2ray.ang.ui.apppicker.AppPickerActivity"
135-->src\main\AndroidManifest.xml:125:13-59
136            android:exported="false" />
136-->src\main\AndroidManifest.xml:126:13-37
137        <activity
137-->src\main\AndroidManifest.xml:127:9-129:40
138            android:name="com.v2ray.ang.ui.ScannerActivity"
138-->src\main\AndroidManifest.xml:128:13-47
139            android:exported="false" />
139-->src\main\AndroidManifest.xml:129:13-37
140        <activity
140-->src\main\AndroidManifest.xml:130:9-132:40
141            android:name="com.v2ray.ang.ui.logcat.LogcatActivity"
141-->src\main\AndroidManifest.xml:131:13-53
142            android:exported="false" />
142-->src\main\AndroidManifest.xml:132:13-37
143        <activity
143-->src\main\AndroidManifest.xml:133:9-135:40
144            android:name="com.v2ray.ang.ui.routing.RoutingSettingActivity"
144-->src\main\AndroidManifest.xml:134:13-62
145            android:exported="false" />
145-->src\main\AndroidManifest.xml:135:13-37
146        <activity
146-->src\main\AndroidManifest.xml:136:9-139:40
147            android:name="com.v2ray.ang.ui.routing.RoutingEditActivity"
147-->src\main\AndroidManifest.xml:137:13-59
148            android:exported="false"
148-->src\main\AndroidManifest.xml:139:13-37
149            android:windowSoftInputMode="stateUnchanged|adjustResize" />
149-->src\main\AndroidManifest.xml:138:13-70
150        <activity
150-->src\main\AndroidManifest.xml:140:9-142:40
151            android:name="com.v2ray.ang.ui.subscription.SubSettingActivity"
151-->src\main\AndroidManifest.xml:141:13-63
152            android:exported="false" />
152-->src\main\AndroidManifest.xml:142:13-37
153        <activity
153-->src\main\AndroidManifest.xml:143:9-145:40
154            android:name="com.v2ray.ang.ui.userasset.UserAssetActivity"
154-->src\main\AndroidManifest.xml:144:13-59
155            android:exported="false" />
155-->src\main\AndroidManifest.xml:145:13-37
156        <activity
156-->src\main\AndroidManifest.xml:146:9-148:40
157            android:name="com.v2ray.ang.ui.userasset.UserAssetUrlActivity"
157-->src\main\AndroidManifest.xml:147:13-62
158            android:exported="false" />
158-->src\main\AndroidManifest.xml:148:13-37
159        <activity
159-->src\main\AndroidManifest.xml:150:9-153:40
160            android:name="com.v2ray.ang.ui.subscription.SubEditActivity"
160-->src\main\AndroidManifest.xml:151:13-60
161            android:exported="false"
161-->src\main\AndroidManifest.xml:153:13-37
162            android:windowSoftInputMode="stateUnchanged|adjustResize" />
162-->src\main\AndroidManifest.xml:152:13-70
163        <activity
163-->src\main\AndroidManifest.xml:154:9-156:40
164            android:name="com.v2ray.ang.ui.shortcut.ScScannerActivity"
164-->src\main\AndroidManifest.xml:155:13-58
165            android:exported="false" />
165-->src\main\AndroidManifest.xml:156:13-37
166        <activity
166-->src\main\AndroidManifest.xml:157:9-162:79
167            android:name="com.v2ray.ang.ui.shortcut.ScSwitchActivity"
167-->src\main\AndroidManifest.xml:158:13-57
168            android:excludeFromRecents="true"
168-->src\main\AndroidManifest.xml:159:13-46
169            android:exported="false"
169-->src\main\AndroidManifest.xml:160:13-37
170            android:process=":RunSoLibV2RayDaemon"
170-->src\main\AndroidManifest.xml:161:13-51
171            android:theme="@style/AppThemeDayNight.NoActionBar.Translucent" />
171-->src\main\AndroidManifest.xml:162:13-76
172        <activity
172-->src\main\AndroidManifest.xml:163:9-168:79
173            android:name="com.v2ray.ang.ui.shortcut.ScStartActivity"
173-->src\main\AndroidManifest.xml:164:13-56
174            android:excludeFromRecents="true"
174-->src\main\AndroidManifest.xml:165:13-46
175            android:exported="false"
175-->src\main\AndroidManifest.xml:166:13-37
176            android:process=":RunSoLibV2RayDaemon"
176-->src\main\AndroidManifest.xml:167:13-51
177            android:theme="@style/AppThemeDayNight.NoActionBar.Translucent" />
177-->src\main\AndroidManifest.xml:168:13-76
178        <activity
178-->src\main\AndroidManifest.xml:169:9-174:79
179            android:name="com.v2ray.ang.ui.shortcut.ScStopActivity"
179-->src\main\AndroidManifest.xml:170:13-55
180            android:excludeFromRecents="true"
180-->src\main\AndroidManifest.xml:171:13-46
181            android:exported="false"
181-->src\main\AndroidManifest.xml:172:13-37
182            android:process=":RunSoLibV2RayDaemon"
182-->src\main\AndroidManifest.xml:173:13-51
183            android:theme="@style/AppThemeDayNight.NoActionBar.Translucent" />
183-->src\main\AndroidManifest.xml:174:13-76
184        <activity
184-->src\main\AndroidManifest.xml:176:9-194:20
185            android:name="com.v2ray.ang.ui.UrlSchemeActivity"
185-->src\main\AndroidManifest.xml:177:13-49
186            android:exported="true" >
186-->src\main\AndroidManifest.xml:178:13-36
187            <intent-filter>
187-->src\main\AndroidManifest.xml:179:13-183:29
188                <action android:name="android.intent.action.SEND" />
188-->src\main\AndroidManifest.xml:180:17-69
188-->src\main\AndroidManifest.xml:180:25-66
189
190                <category android:name="android.intent.category.DEFAULT" />
190-->src\main\AndroidManifest.xml:181:17-76
190-->src\main\AndroidManifest.xml:181:27-73
191
192                <data android:mimeType="text/plain" />
192-->src\main\AndroidManifest.xml:182:17-55
192-->src\main\AndroidManifest.xml:182:23-52
193            </intent-filter>
194            <intent-filter>
194-->src\main\AndroidManifest.xml:184:13-193:29
195                <action android:name="android.intent.action.VIEW" />
195-->src\main\AndroidManifest.xml:185:17-69
195-->src\main\AndroidManifest.xml:185:25-66
196
197                <category android:name="android.intent.category.BROWSABLE" />
197-->src\main\AndroidManifest.xml:187:17-78
197-->src\main\AndroidManifest.xml:187:27-75
198                <category android:name="android.intent.category.DEFAULT" />
198-->src\main\AndroidManifest.xml:181:17-76
198-->src\main\AndroidManifest.xml:181:27-73
199
200                <data android:scheme="v2rayng" />
200-->src\main\AndroidManifest.xml:182:17-55
200-->src\main\AndroidManifest.xml:190:23-47
201                <data android:host="install-config" />
201-->src\main\AndroidManifest.xml:182:17-55
201-->src\main\AndroidManifest.xml:191:23-52
202                <data android:host="install-sub" />
202-->src\main\AndroidManifest.xml:182:17-55
202-->src\main\AndroidManifest.xml:191:23-52
203            </intent-filter>
204        </activity>
205        <activity
205-->src\main\AndroidManifest.xml:195:9-197:40
206            android:name="com.v2ray.ang.ui.checkupdate.CheckUpdateActivity"
206-->src\main\AndroidManifest.xml:196:13-63
207            android:exported="false" />
207-->src\main\AndroidManifest.xml:197:13-37
208        <activity
208-->src\main\AndroidManifest.xml:198:9-200:40
209            android:name="com.v2ray.ang.ui.backup.BackupActivity"
209-->src\main\AndroidManifest.xml:199:13-53
210            android:exported="false" />
210-->src\main\AndroidManifest.xml:200:13-37
211        <activity
211-->src\main\AndroidManifest.xml:201:9-203:40
212            android:name="com.v2ray.ang.ui.AboutActivity"
212-->src\main\AndroidManifest.xml:202:13-45
213            android:exported="false" />
213-->src\main\AndroidManifest.xml:203:13-37
214
215        <service
215-->src\main\AndroidManifest.xml:205:9-223:19
216            android:name="com.v2ray.ang.service.CoreVpnService"
216-->src\main\AndroidManifest.xml:206:13-51
217            android:enabled="true"
217-->src\main\AndroidManifest.xml:207:13-35
218            android:exported="false"
218-->src\main\AndroidManifest.xml:208:13-37
219            android:foregroundServiceType="specialUse"
219-->src\main\AndroidManifest.xml:209:13-55
220            android:label="@string/app_name"
220-->src\main\AndroidManifest.xml:210:13-45
221            android:permission="android.permission.BIND_VPN_SERVICE"
221-->src\main\AndroidManifest.xml:211:13-69
222            android:process=":RunSoLibV2RayDaemon" >
222-->src\main\AndroidManifest.xml:212:13-51
223            <intent-filter>
223-->src\main\AndroidManifest.xml:214:13-216:29
224                <action android:name="android.net.VpnService" />
224-->src\main\AndroidManifest.xml:215:17-65
224-->src\main\AndroidManifest.xml:215:25-62
225            </intent-filter>
226
227            <meta-data
227-->src\main\AndroidManifest.xml:217:13-219:40
228                android:name="android.net.VpnService.SUPPORTS_ALWAYS_ON"
228-->src\main\AndroidManifest.xml:218:17-73
229                android:value="true" />
229-->src\main\AndroidManifest.xml:219:17-37
230
231            <property
231-->src\main\AndroidManifest.xml:220:13-222:39
232                android:name="android.app.PROPERTY_SPECIAL_USE_FGS_SUBTYPE"
232-->src\main\AndroidManifest.xml:221:17-76
233                android:value="vpn" />
233-->src\main\AndroidManifest.xml:222:17-36
234        </service>
235        <service
235-->src\main\AndroidManifest.xml:225:9-234:19
236            android:name="com.v2ray.ang.service.CoreProxyOnlyService"
236-->src\main\AndroidManifest.xml:226:13-57
237            android:exported="false"
237-->src\main\AndroidManifest.xml:227:13-37
238            android:foregroundServiceType="specialUse"
238-->src\main\AndroidManifest.xml:228:13-55
239            android:label="@string/app_name"
239-->src\main\AndroidManifest.xml:229:13-45
240            android:process=":RunSoLibV2RayDaemon" >
240-->src\main\AndroidManifest.xml:230:13-51
241            <property
241-->src\main\AndroidManifest.xml:220:13-222:39
242                android:name="android.app.PROPERTY_SPECIAL_USE_FGS_SUBTYPE"
242-->src\main\AndroidManifest.xml:221:17-76
243                android:value="proxy" />
243-->src\main\AndroidManifest.xml:222:17-36
244        </service>
245        <service
245-->src\main\AndroidManifest.xml:236:9-245:19
246            android:name="com.v2ray.ang.service.CoreRootService"
246-->src\main\AndroidManifest.xml:237:13-52
247            android:exported="false"
247-->src\main\AndroidManifest.xml:238:13-37
248            android:foregroundServiceType="specialUse"
248-->src\main\AndroidManifest.xml:239:13-55
249            android:label="@string/app_name"
249-->src\main\AndroidManifest.xml:240:13-45
250            android:process=":RunSoLibV2RayDaemon" >
250-->src\main\AndroidManifest.xml:241:13-51
251            <property
251-->src\main\AndroidManifest.xml:220:13-222:39
252                android:name="android.app.PROPERTY_SPECIAL_USE_FGS_SUBTYPE"
252-->src\main\AndroidManifest.xml:221:17-76
253                android:value="proxy" />
253-->src\main\AndroidManifest.xml:222:17-36
254        </service>
255        <service
255-->src\main\AndroidManifest.xml:247:9-255:19
256            android:name="com.v2ray.ang.service.CoreTestService"
256-->src\main\AndroidManifest.xml:248:13-52
257            android:exported="false"
257-->src\main\AndroidManifest.xml:249:13-37
258            android:foregroundServiceType="specialUse"
258-->src\main\AndroidManifest.xml:250:13-55
259            android:process=":RunSoLibV2RayDaemon" >
259-->src\main\AndroidManifest.xml:251:13-51
260            <property
260-->src\main\AndroidManifest.xml:220:13-222:39
261                android:name="android.app.PROPERTY_SPECIAL_USE_FGS_SUBTYPE"
261-->src\main\AndroidManifest.xml:221:17-76
262                android:value="test" />
262-->src\main\AndroidManifest.xml:222:17-36
263        </service>
264        <service
264-->src\main\AndroidManifest.xml:257:9-265:19
265            android:name="com.v2ray.ang.service.SubscriptionUpdateService"
265-->src\main\AndroidManifest.xml:258:13-62
266            android:exported="false"
266-->src\main\AndroidManifest.xml:259:13-37
267            android:foregroundServiceType="specialUse"
267-->src\main\AndroidManifest.xml:260:13-55
268            android:process=":RunSoLibV2RayDaemon" >
268-->src\main\AndroidManifest.xml:261:13-51
269            <property
269-->src\main\AndroidManifest.xml:220:13-222:39
270                android:name="android.app.PROPERTY_SPECIAL_USE_FGS_SUBTYPE"
270-->src\main\AndroidManifest.xml:221:17-76
271                android:value="test" />
271-->src\main\AndroidManifest.xml:222:17-36
272        </service>
273
274        <receiver
274-->src\main\AndroidManifest.xml:267:9-279:20
275            android:name="com.v2ray.ang.receiver.WidgetProvider"
275-->src\main\AndroidManifest.xml:268:13-52
276            android:exported="true"
276-->src\main\AndroidManifest.xml:269:13-36
277            android:process=":RunSoLibV2RayDaemon" >
277-->src\main\AndroidManifest.xml:270:13-51
278            <meta-data
278-->src\main\AndroidManifest.xml:271:13-273:63
279                android:name="android.appwidget.provider"
279-->src\main\AndroidManifest.xml:272:17-58
280                android:resource="@xml/app_widget_provider" />
280-->src\main\AndroidManifest.xml:273:17-60
281
282            <intent-filter>
282-->src\main\AndroidManifest.xml:274:13-278:29
283                <action android:name="android.appwidget.action.APPWIDGET_UPDATE" />
283-->src\main\AndroidManifest.xml:275:17-84
283-->src\main\AndroidManifest.xml:275:25-81
284                <action android:name="com.v2ray.ang.fdroid.action.widget.click" />
284-->INJECTED
284-->INJECTED
285                <action android:name="com.v2ray.ang.fdroid.action.activity" />
285-->INJECTED
285-->INJECTED
286            </intent-filter>
287        </receiver>
288        <receiver
288-->src\main\AndroidManifest.xml:280:9-289:20
289            android:name="com.v2ray.ang.receiver.BootReceiver"
289-->src\main\AndroidManifest.xml:281:13-50
290            android:exported="true"
290-->src\main\AndroidManifest.xml:282:13-36
291            android:label="BootReceiver" >
291-->src\main\AndroidManifest.xml:283:13-41
292            <intent-filter>
292-->src\main\AndroidManifest.xml:284:13-288:29
293                <action android:name="android.intent.action.BOOT_COMPLETED" />
293-->src\main\AndroidManifest.xml:285:17-79
293-->src\main\AndroidManifest.xml:285:25-76
294                <action android:name="android.intent.action.LOCKED_BOOT_COMPLETED" />
294-->src\main\AndroidManifest.xml:286:17-86
294-->src\main\AndroidManifest.xml:286:25-83
295                <action android:name="android.intent.action.MY_PACKAGE_REPLACED" />
295-->src\main\AndroidManifest.xml:287:17-84
295-->src\main\AndroidManifest.xml:287:25-81
296            </intent-filter>
297        </receiver>
298
299        <service
299-->src\main\AndroidManifest.xml:291:9-305:19
300            android:name="com.v2ray.ang.service.QSTileService"
300-->src\main\AndroidManifest.xml:292:13-50
301            android:exported="true"
301-->src\main\AndroidManifest.xml:293:13-36
302            android:foregroundServiceType="specialUse"
302-->src\main\AndroidManifest.xml:294:13-55
303            android:icon="@drawable/ic_stat_name"
303-->src\main\AndroidManifest.xml:295:13-50
304            android:label="@string/app_tile_name"
304-->src\main\AndroidManifest.xml:296:13-50
305            android:permission="android.permission.BIND_QUICK_SETTINGS_TILE"
305-->src\main\AndroidManifest.xml:297:13-77
306            android:process=":RunSoLibV2RayDaemon" >
306-->src\main\AndroidManifest.xml:298:13-51
307            <intent-filter>
307-->src\main\AndroidManifest.xml:299:13-301:29
308                <action android:name="android.service.quicksettings.action.QS_TILE" />
308-->src\main\AndroidManifest.xml:300:17-87
308-->src\main\AndroidManifest.xml:300:25-84
309            </intent-filter>
310
311            <property
311-->src\main\AndroidManifest.xml:220:13-222:39
312                android:name="android.app.PROPERTY_SPECIAL_USE_FGS_SUBTYPE"
312-->src\main\AndroidManifest.xml:221:17-76
313                android:value="tile" />
313-->src\main\AndroidManifest.xml:222:17-36
314        </service>
315        <!-- =====================Tasker===================== -->
316        <activity
316-->src\main\AndroidManifest.xml:307:9-314:20
317            android:name="com.v2ray.ang.ui.shortcut.TaskerActivity"
317-->src\main\AndroidManifest.xml:308:13-55
318            android:exported="true"
318-->src\main\AndroidManifest.xml:309:13-36
319            android:icon="@mipmap/ic_launcher" >
319-->src\main\AndroidManifest.xml:310:13-47
320            <intent-filter>
320-->src\main\AndroidManifest.xml:311:13-313:29
321                <action android:name="com.twofortyfouram.locale.intent.action.EDIT_SETTING" />
321-->src\main\AndroidManifest.xml:312:17-95
321-->src\main\AndroidManifest.xml:312:25-92
322            </intent-filter>
323        </activity>
324
325        <receiver
325-->src\main\AndroidManifest.xml:316:9-324:20
326            android:name="com.v2ray.ang.receiver.TaskerReceiver"
326-->src\main\AndroidManifest.xml:317:13-52
327            android:exported="true"
327-->src\main\AndroidManifest.xml:318:13-36
328            android:process=":RunSoLibV2RayDaemon" >
328-->src\main\AndroidManifest.xml:319:13-51
329            <intent-filter>
329-->src\main\AndroidManifest.xml:321:13-323:29
330                <action android:name="com.twofortyfouram.locale.intent.action.FIRE_SETTING" />
330-->src\main\AndroidManifest.xml:322:17-95
330-->src\main\AndroidManifest.xml:322:25-92
331            </intent-filter>
332        </receiver>
333        <!-- =====================Tasker===================== -->
334        <provider
334-->INJECTED
335            android:name="androidx.startup.InitializationProvider"
335-->src\main\AndroidManifest.xml:327:13-67
336            android:authorities="com.v2ray.ang.fdroid.androidx-startup"
336-->INJECTED